9/25/2023 3:50:47 PM	This log contains information about the import schema operation into project 'Retail_Project1' on computer 'WINSQL2017' by user 'singhkf'.
9/25/2023 3:50:47 PM	Import of database schema has started.
9/25/2023 3:50:48 PM	Gathering database credentials
9/25/2023 3:50:48 PM	Gathering database options
9/25/2023 3:50:48 PM	Gathering generic database scoped configuration option
9/25/2023 3:50:48 PM	Gathering users
9/25/2023 3:50:48 PM	Gathering roles
9/25/2023 3:50:48 PM	Gathering application roles
9/25/2023 3:50:48 PM	Gathering role memberships
9/25/2023 3:50:48 PM	Gathering filegroups
9/25/2023 3:50:48 PM	Gathering full-text catalogs
9/25/2023 3:50:48 PM	Gathering assemblies
9/25/2023 3:50:48 PM	Gathering certificates
9/25/2023 3:50:48 PM	Gathering asymmetric keys
9/25/2023 3:50:48 PM	Gathering symmetric keys
9/25/2023 3:50:48 PM	Gathering encrypted symmetric keys
9/25/2023 3:50:48 PM	Gathering schemas
9/25/2023 3:50:48 PM	Gathering XML schema collections
9/25/2023 3:50:48 PM	Gathering user-defined data types
9/25/2023 3:50:48 PM	Gathering user-defined types
9/25/2023 3:50:48 PM	Gathering table types
9/25/2023 3:50:48 PM	Gathering unique keys for table types
9/25/2023 3:50:48 PM	Gathering primary keys for table types
9/25/2023 3:50:48 PM	Gathering indexes for table types
9/25/2023 3:50:48 PM	Gathering check constraints for table types
9/25/2023 3:50:48 PM	Gathering default constraints for table types
9/25/2023 3:50:48 PM	Gathering partition functions
9/25/2023 3:50:48 PM	Gathering partition schemes
9/25/2023 3:50:48 PM	Gathering functions
9/25/2023 3:50:48 PM	Gathering encrypted functions
9/25/2023 3:50:48 PM	Gathering aggregates
9/25/2023 3:50:48 PM	Gathering procedures
9/25/2023 3:50:48 PM	Gathering encrypted procedures
9/25/2023 3:50:48 PM	Gathering tables
9/25/2023 3:50:48 PM	Gathering primary keys
9/25/2023 3:50:48 PM	Gathering unique constraints
9/25/2023 3:50:48 PM	Gathering foreign keys
9/25/2023 3:50:48 PM	Gathering default constraints
9/25/2023 3:50:48 PM	Gathering check constraints
9/25/2023 3:50:48 PM	Gathering views
9/25/2023 3:50:48 PM	Gathering encrypted views
9/25/2023 3:50:48 PM	Gathering indexes
9/25/2023 3:50:48 PM	Gathering statistics
9/25/2023 3:50:48 PM	Gathering full-text index stoplists
9/25/2023 3:50:48 PM	Gathering search property lists
9/25/2023 3:50:48 PM	Gathering search properties
9/25/2023 3:50:48 PM	Gathering full-text indexes
9/25/2023 3:50:48 PM	Gathering column store indexes
9/25/2023 3:50:48 PM	Gathering spatial indexes
9/25/2023 3:50:48 PM	Gathering XML indexes
9/25/2023 3:50:48 PM	Gathering Selective XML indexes
9/25/2023 3:50:48 PM	Gathering encrypted triggers
9/25/2023 3:50:48 PM	Gathering triggers
9/25/2023 3:50:48 PM	Gathering encrypted and clr ddl triggers
9/25/2023 3:50:48 PM	Gathering ddl triggers
9/25/2023 3:50:48 PM	Creating edge constraints
9/25/2023 3:50:48 PM	Gathering synonyms
9/25/2023 3:50:48 PM	Gathering defaults
9/25/2023 3:50:48 PM	Gathering data constraint uddt bindings
9/25/2023 3:50:48 PM	Gathering rules
9/25/2023 3:50:48 PM	Gathering data constraint uddt bindings
9/25/2023 3:50:48 PM	Gathering message types
9/25/2023 3:50:48 PM	Gathering queues
9/25/2023 3:50:48 PM	Gathering contracts
9/25/2023 3:50:48 PM	Gathering services
9/25/2023 3:50:48 PM	Gathering event notifications
9/25/2023 3:50:48 PM	Gathering remote service bindings
9/25/2023 3:50:48 PM	Gathering broker priorities
9/25/2023 3:50:48 PM	Gathering signatures
9/25/2023 3:50:48 PM	Gathering compression options
9/25/2023 3:50:48 PM	Gathering sequence types
9/25/2023 3:50:48 PM	Gathering security policies
9/25/2023 3:50:48 PM	Gather column encryption keys
9/25/2023 3:50:48 PM	Gathering column master keys
9/25/2023 3:50:48 PM	Gathering external data sources
9/25/2023 3:50:48 PM	Gathering external file formats
9/25/2023 3:50:49 PM	Gathering external tables
9/25/2023 3:50:49 PM	Gathering XML index compression options
9/25/2023 3:50:49 PM	Gathering extended properties
9/25/2023 3:50:49 PM	Gathering assemblies
9/25/2023 3:50:49 PM	Gathering credentials
9/25/2023 3:50:49 PM	Gathering logins
9/25/2023 3:50:49 PM	Gathering server audits
9/25/2023 3:50:49 PM	Scanning project for duplicate elements
9/25/2023 3:50:49 PM	Finished duplicate element processing
9/25/2023 3:50:49 PM	Finished importing database.
9/25/2023 3:50:49 PM	A summary of the import was saved to the following location: F:\Devops_Projects\Retail_Project1\Import Schema Logs\Retail_Project1_20230925075047.log
9/25/2023 3:50:49 PM	Click Finish to continue...
